\BOOKMARK [1][-]{section.1}{\376\377\000S\000t\000a\000r\000s\000,\000\040\000C\000o\000n\000s\000t\000e\000l\000l\000a\000t\000i\000o\000n\000s\000,\000\040\000a\000n\000d\000\040\000O\000l\000y\000m\000p\000i\000a\000d\000s}{}% 1
\BOOKMARK [2][-]{subsection.1.1}{\376\377\000C\000o\000n\000s\000t\000e\000l\000l\000a\000t\000i\000o\000n\000\040\000N\000a\000m\000e\000s}{section.1}% 2
\BOOKMARK [2][-]{subsection.1.2}{\376\377\000S\000t\000a\000r\000\040\000N\000a\000m\000e\000s}{section.1}% 3
\BOOKMARK [2][-]{subsection.1.3}{\376\377\000C\000o\000n\000s\000t\000e\000l\000l\000a\000t\000i\000o\000n\000\040\000F\000i\000g\000u\000r\000e\000s}{section.1}% 4
\BOOKMARK [1][-]{section.2}{\376\377\000E\000x\000p\000l\000o\000r\000i\000n\000g\000\040\000t\000h\000e\000\040\000M\000o\000o\000n}{}% 5
\BOOKMARK [2][-]{subsection.2.1}{\376\377\000P\000r\000o\000b\000l\000e\000m\000:\000\040\000M\000o\000o\000n\000\040\000f\000e\000a\000t\000u\000r\000e\000s\000\040}{section.2}% 6
\BOOKMARK [1][-]{section.3}{\376\377\000D\000e\000e\000p\000\040\000S\000k\000y\000\040\000O\000b\000j\000e\000c\000t\000s}{}% 7
\BOOKMARK [2][-]{subsection.3.1}{\376\377\000S\000h\000o\000r\000t\000\040\000P\000r\000o\000b\000l\000e\000m\000s\000\040\000a\000n\000d\000\040\000S\000o\000l\000u\000t\000i\000o\000n\000s\000\040\000o\000n\000\040\000D\000S\000O\000s}{section.3}% 8
\BOOKMARK [1][-]{section.4}{\376\377\000S\000t\000a\000r\000\040\000C\000h\000a\000r\000t\000s}{}% 9
\BOOKMARK [2][-]{subsection.4.1}{\376\377\000S\000t\000a\000r\000g\000a\000z\000i\000n\000g\000\040\000m\000a\000p\000s\000:\000\040\000C\000o\000o\000r\000d\000i\000n\000a\000t\000e\000\040\000l\000i\000n\000e\000s}{section.4}% 10
\BOOKMARK [2][-]{subsection.4.2}{\376\377\000P\000r\000o\000j\000e\000c\000t\000i\000o\000n\000s}{section.4}% 11
\BOOKMARK [3][-]{subsubsection.4.2.1}{\376\377\000H\000o\000r\000i\000z\000o\000n\000\040\000V\000i\000e\000w\000s}{subsection.4.2}% 12
\BOOKMARK [3][-]{subsubsection.4.2.2}{\376\377\000R\000o\000u\000n\000d\000\040\000M\000a\000p\000s}{subsection.4.2}% 13
\BOOKMARK [2][-]{subsection.4.3}{\376\377\000P\000o\000l\000e\000\040\000V\000i\000e\000w\000\040\000M\000a\000p\000s}{section.4}% 14
\BOOKMARK [3][-]{subsubsection.4.3.1}{\376\377\000T\000h\000e\000\040\000p\000r\000e\000c\000e\000s\000s\000i\000o\000n\000\040\000o\000f\000\040\000t\000h\000e\000\040\000e\000q\000u\000i\000n\000o\000x\000e\000s}{subsection.4.3}% 15
\BOOKMARK [2][-]{subsection.4.4}{\376\377\000M\000o\000n\000t\000h\000l\000y\000\040\000S\000k\000y\000\040\000C\000h\000a\000t\000s}{section.4}% 16
\BOOKMARK [1][-]{section.5}{\376\377\000C\000e\000l\000e\000s\000t\000i\000a\000l\000\040\000N\000a\000v\000i\000g\000a\000t\000i\000o\000n}{}% 17
\BOOKMARK [2][-]{subsection.5.1}{\376\377\000N\000a\000k\000e\000d\000\040\000E\000y\000e\000\040\000O\000b\000s\000e\000r\000v\000a\000t\000i\000o\000n}{section.5}% 18
\BOOKMARK [2][-]{subsection.5.2}{\376\377\000T\000e\000l\000e\000s\000c\000o\000p\000e\000\040\000A\000i\000d\000e\000d\000\040\000O\000b\000s\000e\000r\000v\000a\000t\000i\000o\000n}{section.5}% 19
\BOOKMARK [2][-]{subsection.5.3}{\376\377\000T\000e\000l\000e\000s\000c\000o\000p\000e\000\040\000L\000o\000n\000g\000\040\000Q\000u\000e\000s\000t\000i\000o\000n\000s}{section.5}% 20
\BOOKMARK [3][-]{subsubsection.5.3.1}{\376\377\000L\000i\000q\000u\000i\000d\000\040\000M\000i\000r\000r\000o\000r\000\040\000T\000e\000l\000e\000s\000c\000o\000p\000e}{subsection.5.3}% 21
\BOOKMARK [3][-]{subsubsection.5.3.2}{\376\377\000A\000l\000t\000-\000a\000z\000i\000m\000u\000t\000h\000a\000l\000\040\000M\000o\000u\000n\000t}{subsection.5.3}% 22
\BOOKMARK [2][-]{subsection.5.4}{\376\377\000A\000s\000t\000r\000o\000p\000h\000o\000t\000o\000g\000r\000a\000p\000h\000y}{section.5}% 23
\BOOKMARK [1][-]{section.6}{\376\377\000P\000r\000a\000c\000t\000i\000c\000e\000\040\000O\000l\000y\000m\000p\000i\000a\000d\000\040\000P\000r\000o\000b\000l\000e\000m\000s}{}% 24
\BOOKMARK [2][-]{subsection.6.1}{\376\377\000H\000o\000w\000\040\000O\000B\000S\000\040\000M\000a\000r\000k\000i\000n\000g\000\040\000w\000o\000r\000k\000s}{section.6}% 25
\BOOKMARK [2][-]{subsection.6.2}{\376\377\000B\000D\000O\000A\000A}{section.6}% 26
\BOOKMARK [3][-]{subsubsection.6.2.1}{\376\377\0002\0000\0001\0009}{subsection.6.2}% 27
\BOOKMARK [3][-]{subsubsection.6.2.2}{\376\377\0002\0000\0002\0001}{subsection.6.2}% 28
\BOOKMARK [2][-]{subsection.6.3}{\376\377\000I\000N\000A\000O}{section.6}% 29
\BOOKMARK [3][-]{subsubsection.6.3.1}{\376\377\0002\0000\0001\0009}{subsection.6.3}% 30
\BOOKMARK [3][-]{subsubsection.6.3.2}{\376\377\0002\0000\0001\0008}{subsection.6.3}% 31
\BOOKMARK [3][-]{subsubsection.6.3.3}{\376\377\0002\0000\0001\0006}{subsection.6.3}% 32
\BOOKMARK [2][-]{subsection.6.4}{\376\377\000S\000A\000O}{section.6}% 33
\BOOKMARK [3][-]{subsubsection.6.4.1}{\376\377\000P\0001\000:\000\040\000T\000h\000e\000\040\000n\000i\000g\000h\000t\000\040\000o\000f\000\040\000V\000e\000r\000n\000a\000l\000\040\000E\000q\000u\000i\000n\000o\000x}{subsection.6.4}% 34
\BOOKMARK [2][-]{subsection.6.5}{\376\377\000C\000z\000e\000c\000h}{section.6}% 35
\BOOKMARK [3][-]{subsubsection.6.5.1}{\376\377\000O\000b\000s\000e\000r\000v\000a\000t\000i\000o\000n\000\040\000u\000s\000i\000n\000g\000\040\000S\000i\000m\000b\000a\000d}{subsection.6.5}% 36
\BOOKMARK [2][-]{subsection.6.6}{\376\377\000I\000O\000A\000A\000\040\0002\0000\0001\0006\000\040\000O\000b\000s\000e\000r\000v\000a\000t\000i\000o\000n\000\040\000R\000o\000u\000n\000d}{section.6}% 37
\BOOKMARK [3][-]{subsubsection.6.6.1}{\376\377\000O\000b\000s\000e\000r\000v\000a\000t\000i\000o\000n\000a\000l\000\040\000M\000a\000p}{subsection.6.6}% 38
\BOOKMARK [3][-]{subsubsection.6.6.2}{\376\377\000O\000b\000s\000e\000r\000v\000a\000t\000i\000o\000n\000a\000l\000\040\000P\000l\000a\000n\000e\000t\000a\000r\000i\000u\000m}{subsection.6.6}% 39
\BOOKMARK [2][-]{subsection.6.7}{\376\377\000I\000O\000A\000A\000\040\0002\0000\0001\0008\000\040\000O\000b\000s\000e\000r\000v\000a\000t\000i\000o\000n\000\040\000R\000o\000u\000n\000d}{section.6}% 40
\BOOKMARK [3][-]{subsubsection.6.7.1}{\376\377\000O\0001}{subsection.6.7}% 41
\BOOKMARK [3][-]{subsubsection.6.7.2}{\376\377\000O\0002}{subsection.6.7}% 42
\BOOKMARK [3][-]{subsubsection.6.7.3}{\376\377\000O\0003}{subsection.6.7}% 43
\BOOKMARK [3][-]{subsubsection.6.7.4}{\376\377\000O\0004}{subsection.6.7}% 44
\BOOKMARK [2][-]{subsection.6.8}{\376\377\000I\000O\000A\000A\000\040\0002\0000\0001\0009\000\040\000O\000b\000s\000e\000r\000v\000a\000t\000i\000o\000n\000\040\000R\000o\000u\000n\000d}{section.6}% 45
\BOOKMARK [3][-]{subsubsection.6.8.1}{\376\377\000T\000a\000s\000k\000\040\0000\0001}{subsection.6.8}% 46
\BOOKMARK [3][-]{subsubsection.6.8.2}{\376\377\000T\000a\000s\000k\000\040\0000\0002}{subsection.6.8}% 47
\BOOKMARK [3][-]{subsubsection.6.8.3}{\376\377\000T\000a\000s\000k\000\040\0000\0003}{subsection.6.8}% 48
\BOOKMARK [2][-]{subsection.6.9}{\376\377\000G\000e\000C\000A\000A\000\040\0002\0000\0002\0000}{section.6}% 49
\BOOKMARK [3][-]{subsubsection.6.9.1}{\376\377\000P\000r\000o\000b\000l\000e\000m\000\040\0001}{subsection.6.9}% 50
\BOOKMARK [3][-]{subsubsection.6.9.2}{\376\377\000P\000r\000o\000b\000l\000e\000m\000\040\0004}{subsection.6.9}% 51
\BOOKMARK [2][-]{subsection.6.10}{\376\377\000I\000O\000A\000A\000\040\0002\0000\0002\0002}{section.6}% 52
\BOOKMARK [1][-]{section.7}{\376\377\000S\000o\000u\000r\000c\000e\000s}{}% 53
